<?xml version="1.0" encoding="UTF-8"?>
<testsuite xmlns:xsi="http://www.w3.org/2001/XMLSchema-instance" xsi:noNamespaceSchemaLocation="https://maven.apache.org/surefire/maven-failsafe-plugin/xsd/failsafe-test-report.xsd" name="org.forgerock.openam.vericlouds.VeriCloudsIT" time="1.844" tests="1" errors="0" skipped="0" failures="1">
  <properties>
[...]
</properties>
  <testcase name="testGetToken" classname="org.forgerock.openam.vericlouds.VeriCloudsIT" time="1.109">
    <failure message="I/O error on POST request for &quot;http://openam.example.com:8080/openam/json/authenticate&quot;: Unexpected end of file from server; nested exception is java.net.SocketException: Unexpected end of file from server" type="org.springframework.web.client.ResourceAccessException">org.springframework.web.client.ResourceAccessException: I/O error on POST request for "http://openam.example.com:8080/openam/json/authenticate": Unexpected end of file from server; nested exception is java.net.SocketException: Unexpected end of file from server
	at org.forgerock.openam.vericlouds.VeriCloudsIT.testGetToken(VeriCloudsIT.java:33)
Caused by: java.net.SocketException: Unexpected end of file from server
	at org.forgerock.openam.vericlouds.VeriCloudsIT.testGetToken(VeriCloudsIT.java:33)
</failure>
    <system-err><![CDATA[SLF4J: Failed to load class "org.slf4j.impl.StaticLoggerBinder".
SLF4J: Defaulting to no-operation (NOP) logger implementation
SLF4J: See http://www.slf4j.org/codes.html#StaticLoggerBinder for further details.
]]></system-err>
  </testcase>
</testsuite>