<?xml version="1.0" encoding="UTF-8"?>
<testng-results skipped="0" failed="1" total="1" passed="0">
  <reporter-output>
  </reporter-output>
  <suite name="Surefire suite" duration-ms="1140" started-at="2018-01-22T21:44:46Z" finished-at="2018-01-22T21:44:47Z">
    <groups>
    </groups>
    <test name="Surefire test" duration-ms="1140" started-at="2018-01-22T21:44:46Z" finished-at="2018-01-22T21:44:47Z">
      <class name="org.forgerock.openam.vericlouds.VeriCloudsIT">
        <test-method status="FAIL" signature="testGetToken()[pri:0, instance:org.forgerock.openam.vericlouds.VeriCloudsIT@204f30ec]" name="testGetToken" duration-ms="1094" started-at="2018-01-22T13:44:46Z" finished-at="2018-01-22T13:44:47Z">
          <exception class="org.springframework.web.client.ResourceAccessException">
            <message>
              <![CDATA[I/O error on POST request for "http://openam.example.com:8080/openam/json/authenticate": Unexpected end of file from server; nested exception is java.net.SocketException: Unexpected end of file from server]]>
            </message>
            <full-stacktrace>
              <![CDATA[org.springframework.web.client.ResourceAccessException: I/O error on POST request for "http://openam.example.com:8080/openam/json/authenticate": Unexpected end of file from server; nested exception is java.net.SocketException: Unexpected end of file from server
	at org.springframework.web.client.RestTemplate.doExecute(RestTemplate.java:728)
	at org.springframework.web.client.RestTemplate.execute(RestTemplate.java:671)
	at org.springframework.web.client.RestTemplate.exchange(RestTemplate.java:587)
	at org.forgerock.openam.vericlouds.VeriCloudsIT.testGetToken(VeriCloudsIT.java:33)
	at sun.reflect.NativeMethodAccessorImpl.invoke0(Native Method)
	at sun.reflect.NativeMethodAccessorImpl.invoke(NativeMethodAccessorImpl.java:62)
	at sun.reflect.DelegatingMethodAccessorImpl.invoke(DelegatingMethodAccessorImpl.java:43)
	at java.lang.reflect.Method.invoke(Method.java:498)
	at org.testng.internal.MethodInvocationHelper.invokeMethod(MethodInvocationHelper.java:86)
	at org.testng.internal.Invoker.invokeMethod(Invoker.java:643)
	at org.testng.internal.Invoker.invokeTestMethod(Invoker.java:820)
	at org.testng.internal.Invoker.invokeTestMethods(Invoker.java:1128)
	at org.testng.internal.TestMethodWorker.invokeTestMethods(TestMethodWorker.java:129)
	at org.testng.internal.TestMethodWorker.run(TestMethodWorker.java:112)
	at org.testng.TestRunner.privateRun(TestRunner.java:782)
	at org.testng.TestRunner.run(TestRunner.java:632)
	at org.testng.SuiteRunner.runTest(SuiteRunner.java:366)
	at org.testng.SuiteRunner.runSequentially(SuiteRunner.java:361)
	at org.testng.SuiteRunner.privateRun(SuiteRunner.java:319)
	at org.testng.SuiteRunner.run(SuiteRunner.java:268)
	at org.testng.SuiteRunnerWorker.runSuite(SuiteRunnerWorker.java:52)
	at org.testng.SuiteRunnerWorker.run(SuiteRunnerWorker.java:86)
	at org.testng.TestNG.runSuitesSequentially(TestNG.java:1244)
	at org.testng.TestNG.runSuitesLocally(TestNG.java:1169)
	at org.testng.TestNG.run(TestNG.java:1064)
	at org.apache.maven.surefire.testng.TestNGExecutor.run(TestNGExecutor.java:135)
	at org.apache.maven.surefire.testng.TestNGDirectoryTestSuite.executeSingleClass(TestNGDirectoryTestSuite.java:112)
	at org.apache.maven.surefire.testng.TestNGDirectoryTestSuite.execute(TestNGDirectoryTestSuite.java:99)
	at org.apache.maven.surefire.testng.TestNGProvider.invoke(TestNGProvider.java:146)
	at org.apache.maven.surefire.booter.ForkedBooter.invokeProviderInSameClassLoader(ForkedBooter.java:373)
	at org.apache.maven.surefire.booter.ForkedBooter.runSuitesInProcess(ForkedBooter.java:334)
	at org.apache.maven.surefire.booter.ForkedBooter.execute(ForkedBooter.java:119)
	at org.apache.maven.surefire.booter.ForkedBooter.main(ForkedBooter.java:407)
Caused by: java.net.SocketException: Unexpected end of file from server
	at sun.net.www.http.HttpClient.parseHTTPHeader(HttpClient.java:851)
	at sun.net.www.http.HttpClient.parseHTTP(HttpClient.java:678)
	at sun.net.www.protocol.http.HttpURLConnection.getInputStream0(HttpURLConnection.java:1587)
	at sun.net.www.protocol.http.HttpURLConnection.getInputStream(HttpURLConnection.java:1492)
	at java.net.HttpURLConnection.getResponseCode(HttpURLConnection.java:480)
	at org.springframework.http.client.SimpleClientHttpResponse.getRawStatusCode(SimpleClientHttpResponse.java:55)
	at org.springframework.web.client.DefaultResponseErrorHandler.hasError(DefaultResponseErrorHandler.java:51)
	at org.springframework.web.client.RestTemplate.handleResponse(RestTemplate.java:750)
	at org.springframework.web.client.RestTemplate.doExecute(RestTemplate.java:715)
	... 32 more
]]>
            </full-stacktrace>
          </exception> <!-- org.springframework.web.client.ResourceAccessException -->
          <reporter-output>
          </reporter-output>
        </test-method> <!-- testGetToken -->
      </class> <!-- org.forgerock.openam.vericlouds.VeriCloudsIT -->
    </test> <!-- Surefire test -->
  </suite> <!-- Surefire suite -->
</testng-results>
