<?xml version="1.0" encoding="UTF-8"?>
<!-- Generated by org.testng.reporters.JUnitXMLReporter -->
<testsuite hostname="LAPTOP-J5PG4LLR" name="Surefire test" tests="1" failures="1" timestamp="22 Jan 2018 21:44:47 GMT" time="1.14" errors="0">
  <testcase name="testGetToken" time="1.094" classname="org.forgerock.openam.vericlouds.VeriCloudsIT">
    <failure type="org.springframework.web.client.ResourceAccessException" message="I/O error on POST request for &amp;quot;http://openam.example.com:8080/openam/json/authenticate&amp;quot;: Unexpected end of file from server; nested exception is java.net.SocketException: Unexpected end of file from server">
      <![CDATA[org.springframework.web.client.ResourceAccessException: I/O error on POST request for "http://openam.example.com:8080/openam/json/authenticate": Unexpected end of file from server; nested exception is java.net.SocketException: Unexpected end of file from server
	at org.springframework.web.client.RestTemplate.doExecute(RestTemplate.java:728)
	at org.springframework.web.client.RestTemplate.execute(RestTemplate.java:671)
	at org.springframework.web.client.RestTemplate.exchange(RestTemplate.java:587)
	at org.forgerock.openam.vericlouds.VeriCloudsIT.testGetToken(VeriCloudsIT.java:33)
Caused by: java.net.SocketException: Unexpected end of file from server
	at sun.net.www.http.HttpClient.parseHTTPHeader(HttpClient.java:851)
	at sun.net.www.http.HttpClient.parseHTTP(HttpClient.java:678)
	at sun.net.www.protocol.http.HttpURLConnection.getInputStream0(HttpURLConnection.java:1587)
	at sun.net.www.protocol.http.HttpURLConnection.getInputStream(HttpURLConnection.java:1492)
	at java.net.HttpURLConnection.getResponseCode(HttpURLConnection.java:480)
	at org.springframework.http.client.SimpleClientHttpResponse.getRawStatusCode(SimpleClientHttpResponse.java:55)
	at org.springframework.web.client.DefaultResponseErrorHandler.hasError(DefaultResponseErrorHandler.java:51)
	at org.springframework.web.client.RestTemplate.handleResponse(RestTemplate.java:750)
	at org.springframework.web.client.RestTemplate.doExecute(RestTemplate.java:715)
	... 32 more
... Removed 29 stack frames]]>
    </failure>
  </testcase> <!-- testGetToken -->
</testsuite> <!-- Surefire test -->
